>> Centroides de los clusters

 -0.755 -0.581  0.084  0.314 -0.653 -0.699  0.218  0.518 -0.796 -0.432  0.365  0.438 -0.199  0.077  0.359  0.279 -0.639  0.303  0.389 -0.726 -0.755 -0.581  0.084  0.314 -0.653 -0.699  0.218  0.518 -0.796 -0.432  0.365  0.438 -0.199  0.077  0.359  0.279 -0.639  0.303  0.389 -0.726
  0.504 -0.380 -0.388 -0.088 -0.332  0.326 -0.308 -0.673 -0.609 -0.207  0.716 -0.729 -0.480 -0.197  0.172  0.521 -0.592  0.480  0.130  0.513  0.504 -0.380 -0.388 -0.088 -0.332  0.326 -0.308 -0.673 -0.609 -0.207  0.716 -0.729 -0.480 -0.197  0.172  0.521 -0.592  0.480  0.130  0.513
 -0.145 -0.418 -0.498 -0.340  0.181 -0.304 -0.044  0.572 -0.210  0.331 -0.055 -0.317 -0.584  0.676 -0.122  0.187  0.074 -0.269 -0.136 -0.119 -0.145 -0.418 -0.498 -0.340  0.181 -0.304 -0.044  0.572 -0.210  0.331 -0.055 -0.317 -0.584  0.676 -0.122  0.187  0.074 -0.269 -0.136 -0.119
 -0.132  0.206  0.383  0.021  0.396 -0.368 -0.345 -0.408 -0.193  0.158  0.413  0.047 -0.119 -0.354  0.301  0.317 -0.211  0.163  0.220  0.136 -0.132  0.206  0.383  0.021  0.396 -0.368 -0.345 -0.408 -0.193  0.158  0.413  0.047 -0.119 -0.354  0.301  0.317 -0.211  0.163  0.220  0.136
  0.454  0.648 -0.010 -0.368 -0.341 -0.263  0.523 -0.480  0.214 -0.146 -0.762  0.503  0.026 -0.726 -0.581  0.358  0.613  0.614 -0.688  0.724  0.454  0.648 -0.010 -0.368 -0.341 -0.263  0.523 -0.480  0.214 -0.146 -0.762  0.503  0.026 -0.726 -0.581  0.358  0.613  0.614 -0.688  0.724
 -0.079 -0.264 -0.495  0.176 -0.173 -0.140 -0.173 -0.209  0.051 -0.388  0.390  0.144  0.359  0.457  0.181  0.146 -0.092 -0.255  0.011  0.484 -0.079 -0.264 -0.495  0.176 -0.173 -0.140 -0.173 -0.209  0.051 -0.388  0.390  0.144  0.359  0.457  0.181  0.146 -0.092 -0.255  0.011  0.484
 -0.033 -0.714  0.764  0.204  0.323  0.498  0.218  0.520  0.335  0.223  0.388  0.618 -0.792 -0.628  0.359 -0.537 -0.177 -0.013 -0.118 -0.529 -0.033 -0.714  0.764  0.204  0.323  0.498  0.218  0.520  0.335  0.223  0.388  0.618 -0.792 -0.628  0.359 -0.537 -0.177 -0.013 -0.118 -0.529
  0.188  0.126 -0.198  0.025 -0.008  0.394  0.079  0.461  0.327 -0.422  0.163 -0.396  0.229  0.059 -0.312 -0.397 -0.297  0.307 -0.049  0.142  0.188  0.126 -0.198  0.025 -0.008  0.394  0.079  0.461  0.327 -0.422  0.163 -0.396  0.229  0.059 -0.312 -0.397 -0.297  0.307 -0.049  0.142
 -0.351  0.029  0.288  0.216 -0.205  0.248  0.464  0.389 -0.089 -0.130  0.189 -0.258 -0.178 -0.215 -0.254  0.380  0.218 -0.180  0.413 -0.141 -0.351  0.029  0.288  0.216 -0.205  0.248  0.464  0.389 -0.089 -0.130  0.189 -0.258 -0.178 -0.215 -0.254  0.380  0.218 -0.180  0.413 -0.141
 -0.244 -0.036 -0.106 -0.062  0.529 -0.380  0.636 -0.372 -0.444 -0.486  0.261  0.657  0.646 -0.445 -0.089 -0.724 -0.472 -0.417  0.616  0.405 -0.244 -0.036 -0.106 -0.062  0.529 -0.380  0.636 -0.372 -0.444 -0.486  0.261  0.657  0.646 -0.445 -0.089 -0.724 -0.472 -0.417  0.616  0.405
  0.082  0.192  0.289  0.480 -0.226  0.025  0.401 -0.420 -0.138 -0.664  0.231  0.215  0.599 -0.637  0.043  0.254  0.073  0.074 -0.584 -0.271  0.082  0.192  0.289  0.480 -0.226  0.025  0.401 -0.420 -0.138 -0.664  0.231  0.215  0.599 -0.637  0.043  0.254  0.073  0.074 -0.584 -0.271
 -0.116  0.727 -0.293  0.341  0.629 -0.433  0.038 -0.127 -0.008  0.478  0.071 -0.467  0.711 -0.633  0.167 -0.681 -0.683 -0.557 -0.449  0.064 -0.116  0.727 -0.293  0.341  0.629 -0.433  0.038 -0.127 -0.008  0.478  0.071 -0.467  0.711 -0.633  0.167 -0.681 -0.683 -0.557 -0.449  0.064
  0.247 -0.398  0.123  0.131  0.111 -0.397 -0.069  0.418  0.223  0.119 -0.197  0.227  0.356 -0.153  0.348 -0.236  0.265  0.316  0.268  0.349  0.247 -0.398  0.123  0.131  0.111 -0.397 -0.069  0.418  0.223  0.119 -0.197  0.227  0.356 -0.153  0.348 -0.236  0.265  0.316  0.268  0.349
 -0.296  0.287 -0.054  0.572 -0.795 -0.556 -0.354  0.127  0.424 -0.710 -0.609  0.103 -0.793 -0.623 -0.658  0.108 -0.521 -0.335 -0.130 -0.125 -0.296  0.287 -0.054  0.572 -0.795 -0.556 -0.354  0.127  0.424 -0.710 -0.609  0.103 -0.793 -0.623 -0.658  0.108 -0.521 -0.335 -0.130 -0.125
  0.623  0.260  0.544 -0.506 -0.320 -0.004  0.029  0.274  0.572 -0.566  0.454 -0.036  0.042  0.421 -0.406  0.728  0.086 -0.171  0.644  0.531  0.623  0.260  0.544 -0.506 -0.320 -0.004  0.029  0.274  0.572 -0.566  0.454 -0.036  0.042  0.421 -0.406  0.728  0.086 -0.171  0.644  0.531
 -0.343  0.225 -0.351  0.231 -0.133 -0.474 -0.573  0.114  0.247  0.140 -0.541  0.641 -0.344 -0.267 -0.184 -0.134  0.663  0.357  0.255 -0.727 -0.343  0.225 -0.351  0.231 -0.133 -0.474 -0.573  0.114  0.247  0.140 -0.541  0.641 -0.344 -0.267 -0.184 -0.134  0.663  0.357  0.255 -0.727
 -0.203  0.588 -0.259 -0.729 -0.068  0.673 -0.222  0.452  0.719  0.565  0.708  0.247  0.091 -0.196  0.765  0.655  0.269 -0.399  0.383  0.197 -0.203  0.588 -0.259 -0.729 -0.068  0.673 -0.222  0.452  0.719  0.565  0.708  0.247  0.091 -0.196  0.765  0.655  0.269 -0.399  0.383  0.197
  0.313  0.738 -0.334 -0.638 -0.198 -0.082 -0.542  0.102 -0.557 -0.616 -0.650 -0.632 -0.107  0.432 -0.260  0.142  0.046  0.150  0.346 -0.077  0.313  0.738 -0.334 -0.638 -0.198 -0.082 -0.542  0.102 -0.557 -0.616 -0.650 -0.632 -0.107  0.432 -0.260  0.142  0.046  0.150  0.346 -0.077
  0.085 -0.306  0.641 -0.551  0.183  0.402 -0.208 -0.061 -0.700  0.095 -0.259  0.202  0.336  0.263 -0.158  0.581 -0.031  0.366  0.519 -0.092  0.085 -0.306  0.641 -0.551  0.183  0.402 -0.208 -0.061 -0.700  0.095 -0.259  0.202  0.336  0.263 -0.158  0.581 -0.031  0.366  0.519 -0.092
  0.038 -0.685  0.129 -0.024  0.486 -0.108  0.709  0.158 -0.015  0.509 -0.392  0.484  0.117 -0.003 -0.541  0.605 -0.385  0.312  0.694  0.072  0.038 -0.685  0.129 -0.024  0.486 -0.108  0.709  0.158 -0.015  0.509 -0.392  0.484  0.117 -0.003 -0.541  0.605 -0.385  0.312  0.694  0.072
 -0.257 -0.128  0.313  0.072 -0.679 -0.533  0.055  0.189  0.412  0.380 -0.091 -0.384 -0.372 -0.221 -0.332 -0.680  0.354  0.294 -0.191 -0.197 -0.257 -0.128  0.313  0.072 -0.679 -0.533  0.055  0.189  0.412  0.380 -0.091 -0.384 -0.372 -0.221 -0.332 -0.680  0.354  0.294 -0.191 -0.197
 -0.201 -0.608  0.372 -0.235 -0.482  0.160  0.004 -0.254  0.305 -0.519  0.132 -0.040 -0.412  0.603  0.209 -0.652  0.286  0.252  0.657 -0.064 -0.201 -0.608  0.372 -0.235 -0.482  0.160  0.004 -0.254  0.305 -0.519  0.132 -0.040 -0.412  0.603  0.209 -0.652  0.286  0.252  0.657 -0.064
 -0.211 -0.475  0.184 -0.660  0.552  0.108 -0.040 -0.592 -0.342 -0.205 -0.472 -0.123 -0.157  0.074  0.198 -0.315 -0.264  0.655 -0.274 -0.001 -0.211 -0.475  0.184 -0.660  0.552  0.108 -0.040 -0.592 -0.342 -0.205 -0.472 -0.123 -0.157  0.074  0.198 -0.315 -0.264  0.655 -0.274 -0.001
  0.547  0.293  0.166  0.563 -0.417 -0.003 -0.117  0.767 -0.526 -0.759 -0.747  0.397 -0.584 -0.305 -0.113  0.277 -0.508  0.419  0.178 -0.034  0.547  0.293  0.166  0.563 -0.417 -0.003 -0.117  0.767 -0.526 -0.759 -0.747  0.397 -0.584 -0.305 -0.113  0.277 -0.508  0.419  0.178 -0.034
  0.446 -0.426 -0.323 -0.389 -0.486  0.653  0.677 -0.437  0.087  0.344 -0.388 -0.307  0.225  0.242 -0.396  0.009 -0.047  0.278 -0.101 -0.157  0.446 -0.426 -0.323 -0.389 -0.486  0.653  0.677 -0.437  0.087  0.344 -0.388 -0.307  0.225  0.242 -0.396  0.009 -0.047  0.278 -0.101 -0.157
  0.387 -0.755 -0.196 -0.814 -0.443  0.711 -0.711 -0.374  0.052 -0.291 -0.276 -0.411  0.718 -0.698 -0.009 -0.584 -0.256 -0.070  0.095 -0.328  0.387 -0.755 -0.196 -0.814 -0.443  0.711 -0.711 -0.374  0.052 -0.291 -0.276 -0.411  0.718 -0.698 -0.009 -0.584 -0.256 -0.070  0.095 -0.328
 -0.468  0.043  0.019 -0.380 -0.462  0.008  0.372  0.070  0.254  0.663  0.431 -0.475  0.664 -0.448  0.647 -0.094  0.511 -0.220 -0.667 -0.458 -0.468  0.043  0.019 -0.380 -0.462  0.008  0.372  0.070  0.254  0.663  0.431 -0.475  0.664 -0.448  0.647 -0.094  0.511 -0.220 -0.667 -0.458
 -0.457 -0.102  0.234 -0.549  0.326 -0.651  0.591 -0.081  0.042 -0.562 -0.036  0.241 -0.374  0.412 -0.049 -0.039  0.136 -0.142  0.000  0.392 -0.457 -0.102  0.234 -0.549  0.326 -0.651  0.591 -0.081  0.042 -0.562 -0.036  0.241 -0.374  0.412 -0.049 -0.039  0.136 -0.142  0.000  0.392
 -0.188  0.185  0.760 -0.282 -0.738 -0.168 -0.255 -0.409 -0.356  0.377  0.479  0.344 -0.763 -0.217 -0.246 -0.774  0.249 -0.146 -0.579 -0.696 -0.188  0.185  0.760 -0.282 -0.738 -0.168 -0.255 -0.409 -0.356  0.377  0.479  0.344 -0.763 -0.217 -0.246 -0.774  0.249 -0.146 -0.579 -0.696
  0.431  0.541 -0.225  0.299 -0.385 -0.009  0.385 -0.219  0.357  0.266  0.316  0.116 -0.687  0.620 -0.458 -0.492 -0.755  0.533  0.170 -0.777  0.431  0.541 -0.225  0.299 -0.385 -0.009  0.385 -0.219  0.357  0.266  0.316  0.116 -0.687  0.620 -0.458 -0.492 -0.755  0.533  0.170 -0.777
  0.668 -0.044  0.431  0.590  0.242 -0.088 -0.500  0.110 -0.576  0.108 -0.422 -0.332  0.156 -0.506 -0.236 -0.556 -0.400 -0.389  0.211 -0.407  0.668 -0.044  0.431  0.590  0.242 -0.088 -0.500  0.110 -0.576  0.108 -0.422 -0.332  0.156 -0.506 -0.236 -0.556 -0.400 -0.389  0.211 -0.407
  0.183  0.201 -0.454 -0.106  0.437  0.394 -0.223 -0.430  0.312  0.460 -0.106 -0.043 -0.034 -0.516 -0.310 -0.408  0.341  0.054  0.433 -0.487  0.183  0.201 -0.454 -0.106  0.437  0.394 -0.223 -0.430  0.312  0.460 -0.106 -0.043 -0.034 -0.516 -0.310 -0.408  0.341  0.054  0.433 -0.487
 -0.739 -0.092 -0.429  0.035  0.415 -0.438 -0.386  0.797  0.381  0.404  0.219 -0.007  0.253  0.340 -0.452 -0.314 -0.609  0.292 -0.510  0.626 -0.739 -0.092 -0.429  0.035  0.415 -0.438 -0.386  0.797  0.381  0.404  0.219 -0.007  0.253  0.340 -0.452 -0.314 -0.609  0.292 -0.510  0.626
 -0.486  0.174  0.373 -0.461 -0.207 -0.616 -0.046  0.195 -0.262  0.400 -0.005  0.386  0.705  0.500  0.153  0.411  0.047 -0.086 -0.393  0.503 -0.486  0.174  0.373 -0.461 -0.207 -0.616 -0.046  0.195 -0.262  0.400 -0.005  0.386  0.705  0.500  0.153  0.411  0.047 -0.086 -0.393  0.503
 -0.338  0.729  0.274 -0.008  0.163 -0.124  0.515  0.651 -0.307  0.548 -0.774  0.430  0.051  0.683 -0.213 -0.760 -0.794 -0.088 -0.336  0.008 -0.338  0.729  0.274 -0.008  0.163 -0.124  0.515  0.651 -0.307  0.548 -0.774  0.430  0.051  0.683 -0.213 -0.760 -0.794 -0.088 -0.336  0.008
 -0.670  0.656  0.482  0.681 -0.601 -0.192  0.656  0.154  0.155  0.567 -0.566 -0.568  0.304  0.143 -0.396 -0.810  0.640  0.483  0.478  0.763 -0.670  0.656  0.482  0.681 -0.601 -0.192  0.656  0.154  0.155  0.567 -0.566 -0.568  0.304  0.143 -0.396 -0.810  0.640  0.483  0.478  0.763
 -0.000  0.697  0.134 -0.670 -0.366  0.645  0.024  0.721 -0.183  0.443 -0.119  0.713  0.604 -0.451  0.534 -0.369 -0.331 -0.772  0.053  0.813 -0.000  0.697  0.134 -0.670 -0.366  0.645  0.024  0.721 -0.183  0.443 -0.119  0.713  0.604 -0.451  0.534 -0.369 -0.331 -0.772  0.053  0.813
  0.405 -0.100 -0.213 -0.247 -0.078 -0.349  0.317 -0.341  0.219  0.179  0.095 -0.306 -0.355 -0.068  0.392 -0.258  0.149 -0.470  0.178  0.357  0.405 -0.100 -0.213 -0.247 -0.078 -0.349  0.317 -0.341  0.219  0.179  0.095 -0.306 -0.355 -0.068  0.392 -0.258  0.149 -0.470  0.178  0.357
 -0.689 -0.001  0.087  0.706  0.722 -0.678  0.095 -0.071  0.518  0.361  0.473 -0.578  0.451 -0.371  0.329  0.762  0.319 -0.256  0.712 -0.064 -0.689 -0.001  0.087  0.706  0.722 -0.678  0.095 -0.071  0.518  0.361  0.473 -0.578  0.451 -0.371  0.329  0.762  0.319 -0.256  0.712 -0.064
  0.014  0.557  0.087  0.337  0.328 -0.371 -0.573 -0.451  0.358 -0.449 -0.413  0.523  0.412 -0.662  0.760 -0.598 -0.272  0.503  0.630 -0.398  0.014  0.557  0.087  0.337  0.328 -0.371 -0.573 -0.451  0.358 -0.449 -0.413  0.523  0.412 -0.662  0.760 -0.598 -0.272  0.503  0.630 -0.398
 -0.376  0.243 -0.140 -0.135  0.658 -0.380  0.565 -0.477 -0.217  0.116 -0.769 -0.262  0.141 -0.272 -0.390  0.692  0.455 -0.395 -0.555 -0.386 -0.376  0.243 -0.140 -0.135  0.658 -0.380  0.565 -0.477 -0.217  0.116 -0.769 -0.262  0.141 -0.272 -0.390  0.692  0.455 -0.395 -0.555 -0.386
 -0.234 -0.720 -0.378  0.553  0.114  0.310 -0.206 -0.468 -0.106 -0.421 -0.396  0.717 -0.143 -0.058 -0.532 -0.462 -0.071  0.370 -0.169  0.405 -0.234 -0.720 -0.378  0.553  0.114  0.310 -0.206 -0.468 -0.106 -0.421 -0.396  0.717 -0.143 -0.058 -0.532 -0.462 -0.071  0.370 -0.169  0.405
  0.251  0.127  0.657 -0.575  0.248  0.228 -0.620 -0.464  0.223  0.346 -0.564 -0.532  0.042  0.450 -0.093  0.247  0.083  0.528 -0.372 -0.356  0.251  0.127  0.657 -0.575  0.248  0.228 -0.620 -0.464  0.223  0.346 -0.564 -0.532  0.042  0.450 -0.093  0.247  0.083  0.528 -0.372 -0.356
 -0.484 -0.445 -0.142  0.323 -0.417 -0.744  0.642 -0.493  0.030  0.751 -0.323 -0.357 -0.167  0.715  0.504 -0.052 -0.433 -0.454 -0.385 -0.263 -0.484 -0.445 -0.142  0.323 -0.417 -0.744  0.642 -0.493  0.030  0.751 -0.323 -0.357 -0.167  0.715  0.504 -0.052 -0.433 -0.454 -0.385 -0.263
  0.116  0.553 -0.081 -0.101 -0.744 -0.679 -0.404 -0.059 -0.046  0.744 -0.823 -0.759 -0.792 -0.649 -0.585 -0.421 -0.765 -0.072 -0.649  0.793  0.116  0.553 -0.081 -0.101 -0.744 -0.679 -0.404 -0.059 -0.046  0.744 -0.823 -0.759 -0.792 -0.649 -0.585 -0.421 -0.765 -0.072 -0.649  0.793
  0.021 -0.290 -0.219  0.037  0.177 -0.444  0.230  0.170  0.254 -0.095  0.425 -0.084 -0.523 -0.441 -0.271 -0.056  0.001  0.119 -0.662 -0.303  0.021 -0.290 -0.219  0.037  0.177 -0.444  0.230  0.170  0.254 -0.095  0.425 -0.084 -0.523 -0.441 -0.271 -0.056  0.001  0.119 -0.662 -0.303
  0.124  0.691  0.730  0.296 -0.332  0.078 -0.113 -0.499  0.424 -0.750  0.335  0.136 -0.631  0.498 -0.339  0.304 -0.418 -0.664 -0.192  0.395  0.124  0.691  0.730  0.296 -0.332  0.078 -0.113 -0.499  0.424 -0.750  0.335  0.136 -0.631  0.498 -0.339  0.304 -0.418 -0.664 -0.192  0.395
  0.422 -0.252 -0.606 -0.100  0.512  0.425 -0.105  0.590 -0.745  0.384  0.741  0.028 -0.143  0.168  0.668  0.588  0.311  0.310 -0.115 -0.247  0.422 -0.252 -0.606 -0.100  0.512  0.425 -0.105  0.590 -0.745  0.384  0.741  0.028 -0.143  0.168  0.668  0.588  0.311  0.310 -0.115 -0.247
  0.773  0.249  0.314 -0.582 -0.071  0.780 -0.238  0.717 -0.381  0.331 -0.256  0.570 -0.224 -0.311 -0.116 -0.810  0.386 -0.037  0.643  0.428  0.773  0.249  0.314 -0.582 -0.071  0.780 -0.238  0.717 -0.381  0.331 -0.256  0.570 -0.224 -0.311 -0.116 -0.810  0.386 -0.037  0.643  0.428
  0.077 -0.225  0.077  0.171  0.560 -0.393 -0.363 -0.282  0.558 -0.155 -0.048 -0.520  0.694 -0.133 -0.564  0.659  0.447  0.103 -0.620  0.030  0.077 -0.225  0.077  0.171  0.560 -0.393 -0.363 -0.282  0.558 -0.155 -0.048 -0.520  0.694 -0.133 -0.564  0.659  0.447  0.103 -0.620  0.030
 -0.550  0.203 -0.588  0.093 -0.736  0.504 -0.563 -0.457  0.371  0.646 -0.771 -0.096  0.136 -0.594  0.094 -0.037 -0.450 -0.156  0.244  0.394 -0.550  0.203 -0.588  0.093 -0.736  0.504 -0.563 -0.457  0.371  0.646 -0.771 -0.096  0.136 -0.594  0.094 -0.037 -0.450 -0.156  0.244  0.394
 -0.428 -0.215  0.136  0.032 -0.272  0.402 -0.343  0.328 -0.228 -0.185 -0.246 -0.308 -0.279 -0.232  0.408 -0.081 -0.161 -0.096 -0.286  0.308 -0.428 -0.215  0.136  0.032 -0.272  0.402 -0.343  0.328 -0.228 -0.185 -0.246 -0.308 -0.279 -0.232  0.408 -0.081 -0.161 -0.096 -0.286  0.308
 -0.046  0.428 -0.081 -0.221 -0.260 -0.377  0.155 -0.209  0.394 -0.536 -0.442  0.435 -0.377  0.101  0.631  0.319 -0.690 -0.082  0.345 -0.268 -0.046  0.428 -0.081 -0.221 -0.260 -0.377  0.155 -0.209  0.394 -0.536 -0.442  0.435 -0.377  0.101  0.631  0.319 -0.690 -0.082  0.345 -0.268
  0.298  0.182 -0.385  0.246  0.520  0.450 -0.498 -0.287  0.066  0.137  0.340  0.240 -0.468 -0.611  0.660  0.102  0.290 -0.542  0.507 -0.445  0.298  0.182 -0.385  0.246  0.520  0.450 -0.498 -0.287  0.066  0.137  0.340  0.240 -0.468 -0.611  0.660  0.102  0.290 -0.542  0.507 -0.445
  0.120 -0.005 -0.007  0.153  0.450  0.503  0.393 -0.056  0.321  0.009 -0.287 -0.046 -0.156  0.129  0.366  0.274  0.313  0.167 -0.253  0.361  0.120 -0.005 -0.007  0.153  0.450  0.503  0.393 -0.056  0.321  0.009 -0.287 -0.046 -0.156  0.129  0.366  0.274  0.313  0.167 -0.253  0.361
  0.640  0.053  0.558 -0.646  0.497 -0.076  0.448  0.658 -0.432 -0.812  0.627  0.448  0.757  0.637  0.805 -0.238 -0.547  0.276 -0.688  0.690  0.640  0.053  0.558 -0.646  0.497 -0.076  0.448  0.658 -0.432 -0.812  0.627  0.448  0.757  0.637  0.805 -0.238 -0.547  0.276 -0.688  0.690
 -0.241  0.052 -0.447 -0.421  0.217 -0.009 -0.247 -0.378 -0.048 -0.382 -0.309 -0.311  0.002 -0.519 -0.743  0.432  0.102 -0.567 -0.691  0.284 -0.241  0.052 -0.447 -0.421  0.217 -0.009 -0.247 -0.378 -0.048 -0.382 -0.309 -0.311  0.002 -0.519 -0.743  0.432  0.102 -0.567 -0.691  0.284
 -0.427  0.085  0.083 -0.296  0.076  0.331  0.100 -0.080 -0.138  0.344  0.375  0.023  0.280  0.310  0.049 -0.260 -0.434 -0.313  0.250 -0.414 -0.427  0.085  0.083 -0.296  0.076  0.331  0.100 -0.080 -0.138  0.344  0.375  0.023  0.280  0.310  0.049 -0.260 -0.434 -0.313  0.250 -0.414
  0.056  0.275 -0.248  0.256  0.303 -0.181 -0.329 -0.052 -0.395  0.078  0.341 -0.235  0.041  0.263 -0.424 -0.363  0.456 -0.002 -0.149  0.206  0.056  0.275 -0.248  0.256  0.303 -0.181 -0.329 -0.052 -0.395  0.078  0.341 -0.235  0.041  0.263 -0.424 -0.363  0.456 -0.002 -0.149  0.206
 -0.563  0.739 -0.527 -0.219  0.574 -0.342  0.046 -0.668  0.582  0.737  0.754  0.317 -0.415 -0.498 -0.215 -0.491  0.751  0.213 -0.677 -0.777 -0.563  0.739 -0.527 -0.219  0.574 -0.342  0.046 -0.668  0.582  0.737  0.754  0.317 -0.415 -0.498 -0.215 -0.491  0.751  0.213 -0.677 -0.777
 -0.571 -0.111 -0.382  0.057  0.450  0.697 -0.221  0.069  0.483  0.073 -0.497  0.437  0.047  0.525  0.258  0.250 -0.156 -0.296  0.567 -0.234 -0.571 -0.111 -0.382  0.057  0.450  0.697 -0.221  0.069  0.483  0.073 -0.497  0.437  0.047  0.525  0.258  0.250 -0.156 -0.296  0.567 -0.234
  0.045 -0.224 -0.459  0.574 -0.074  0.285 -0.459 -0.359 -0.656 -0.578  0.475  0.291  0.070 -0.104  0.114  0.335 -0.008  0.279  0.036 -0.529  0.045 -0.224 -0.459  0.574 -0.074  0.285 -0.459 -0.359 -0.656 -0.578  0.475  0.291  0.070 -0.104  0.114  0.335 -0.008  0.279  0.036 -0.529
  0.340 -0.726  0.603  0.606  0.159  0.581  0.066  0.378 -0.758  0.062 -0.397  0.551  0.726 -0.790  0.356 -0.159  0.762  0.494 -0.223 -0.309  0.340 -0.726  0.603  0.606  0.159  0.581  0.066  0.378 -0.758  0.062 -0.397  0.551  0.726 -0.790  0.356 -0.159  0.762  0.494 -0.223 -0.309
 -0.124 -0.368  0.802  0.730 -0.006  0.037 -0.345  0.506  0.535  0.058 -0.605  0.740  0.052  0.434 -0.268 -0.597 -0.661 -0.737 -0.494 -0.779 -0.124 -0.368  0.802  0.730 -0.006  0.037 -0.345  0.506  0.535  0.058 -0.605  0.740  0.052  0.434 -0.268 -0.597 -0.661 -0.737 -0.494 -0.779
  0.473 -0.061  0.117 -0.176 -0.193 -0.477  0.555  0.389 -0.323 -0.530 -0.390  0.052  0.015 -0.129 -0.466 -0.270  0.187 -0.502 -0.591 -0.488  0.473 -0.061  0.117 -0.176 -0.193 -0.477  0.555  0.389 -0.323 -0.530 -0.390  0.052  0.015 -0.129 -0.466 -0.270  0.187 -0.502 -0.591 -0.488
 -0.543  0.327 -0.631  0.798  0.485  0.428  0.194  0.211 -0.005 -0.411 -0.679 -0.270  0.347  0.618 -0.261  0.364 -0.288  0.450  0.692 -0.089 -0.543  0.327 -0.631  0.798  0.485  0.428  0.194  0.211 -0.005 -0.411 -0.679 -0.270  0.347  0.618 -0.261  0.364 -0.288  0.450  0.692 -0.089
  0.310  0.569  0.505 -0.196 -0.251 -0.224  0.254 -0.705  0.184  0.321 -0.521 -0.491  0.062  0.337  0.206  0.208 -0.678  0.450 -0.365  0.383  0.310  0.569  0.505 -0.196 -0.251 -0.224  0.254 -0.705  0.184  0.321 -0.521 -0.491  0.062  0.337  0.206  0.208 -0.678  0.450 -0.365  0.383
 -0.181 -0.656 -0.320  0.271 -0.511 -0.806  0.710 -0.197 -0.019  0.259  0.561 -0.596  0.768  0.436  0.062 -0.434  0.098  0.446 -0.463 -0.310 -0.181 -0.656 -0.320  0.271 -0.511 -0.806  0.710 -0.197 -0.019  0.259  0.561 -0.596  0.768  0.436  0.062 -0.434  0.098  0.446 -0.463 -0.310
  0.274  0.545 -0.335  0.112 -0.109  0.489  0.365 -0.120 -0.496 -0.118 -0.254  0.443  0.127 -0.070  0.178 -0.473  0.329 -0.500  0.285 -0.154  0.274  0.545 -0.335  0.112 -0.109  0.489  0.365 -0.120 -0.496 -0.118 -0.254  0.443  0.127 -0.070  0.178 -0.473  0.329 -0.500  0.285 -0.154
  0.504  0.121  0.007 -0.305 -0.296  0.703 -0.475  0.403  0.687  0.436  0.458  0.067  0.208 -0.195  0.711  0.224  0.617 -0.736  0.519 -0.125  0.504  0.121  0.007 -0.305 -0.296  0.703 -0.475  0.403  0.687  0.436  0.458  0.067  0.208 -0.195  0.711  0.224  0.617 -0.736  0.519 -0.125
  0.173 -0.462  0.708 -0.244  0.289 -0.616 -0.315 -0.112 -0.674 -0.430 -0.544  0.459  0.518 -0.327 -0.459 -0.211 -0.325  0.262 -0.609 -0.324  0.173 -0.462  0.708 -0.244  0.289 -0.616 -0.315 -0.112 -0.674 -0.430 -0.544  0.459  0.518 -0.327 -0.459 -0.211 -0.325  0.262 -0.609 -0.324
 -0.330 -0.649 -0.827 -0.729 -0.657 -0.212 -0.637  0.158 -0.545  0.573 -0.590  0.617 -0.809  0.320 -0.313  0.335  0.519 -0.034  0.048  0.826 -0.330 -0.649 -0.827 -0.729 -0.657 -0.212 -0.637  0.158 -0.545  0.573 -0.590  0.617 -0.809  0.320 -0.313  0.335  0.519 -0.034  0.048  0.826
  0.582 -0.125 -0.303 -0.268 -0.219 -0.189  0.171 -0.202  0.429  0.429  0.306  0.272  0.267 -0.417 -0.534  0.306 -0.014 -0.021  0.066 -0.498  0.582 -0.125 -0.303 -0.268 -0.219 -0.189  0.171 -0.202  0.429  0.429  0.306  0.272  0.267 -0.417 -0.534  0.306 -0.014 -0.021  0.066 -0.498
  0.311  0.160  0.350  0.366 -0.005 -0.084 -0.294  0.375  0.020  0.160  0.049 -0.023 -0.139  0.433  0.340  0.288  0.153 -0.325 -0.419 -0.293  0.311  0.160  0.350  0.366 -0.005 -0.084 -0.294  0.375  0.020  0.160  0.049 -0.023 -0.139  0.433  0.340  0.288  0.153 -0.325 -0.419 -0.293
  0.233  0.294  0.434  0.434 -0.636  0.392  0.502 -0.153 -0.106  0.494  0.471  0.216  0.261 -0.125 -0.054 -0.319  0.045  0.095  0.047  0.629  0.233  0.294  0.434  0.434 -0.636  0.392  0.502 -0.153 -0.106  0.494  0.471  0.216  0.261 -0.125 -0.054 -0.319  0.045  0.095  0.047  0.629


>> Numero de clusteres: 75. Numero de vectores en cada cluster:

  1709  1782  6171   577  1677   539  1753   552   607  1756
  4523  2752   612  1702  1800  2864 10115  6028  5059  3423
  3479  3539  3458  1754  7104  1730  4373  5163  2746  1811
  2863  4535  3388  3464  1724  1667  1682   567  2736  1716
  1791  1838  4445  2737  1651  6212  2765  4377  1729  3423
  1786   610  3532  3376   555  1663  2870   581   597  1653
  4463  7073  1696  1700  4484  3342  4415  1753  3544  1719
  4362  1660  2002   574  5162


>> Densidad de los clusters: a[i]

     0.81     1.02     2.74     4.40     0.72     4.44     0.94     4.39     4.43     0.94
     2.09     0.90     4.42     0.79     1.06     1.08     0.74     2.27     2.72     2.57
     2.15     1.91     2.50     0.93     2.50     0.86     1.67     2.77     0.88     1.08
     1.08     2.41     1.63     2.28     0.85     0.69     0.74     4.43     0.87     0.83
     1.03     1.15     2.11     0.87     0.64     2.80     0.92     2.01     0.86     2.08
     1.01     4.45     2.62     2.50     4.41     0.68     1.08     4.36     4.43     0.65
     2.34     2.65     0.76     0.78     1.74     1.58     1.92     0.93     2.55     0.84
     1.67     0.67     1.50     4.44     2.93


>> Analisis de campos (medianas) en los grupos

Campo:  0 - mmax: 0.53 (grupo 12) - mmin: 0.47 (grupo 28)
Campo:  1 - mmax: 0.54 (grupo  3) - mmin: 0.47 (grupo  5)
Campo:  2 - mmax: 0.53 (grupo 14) - mmin: 0.45 (grupo 54)
Campo:  3 - mmax: 0.56 (grupo  3) - mmin: 0.43 (grupo 57)
Campo:  4 - mmax: 0.55 (grupo 58) - mmin: 0.48 (grupo 23)
Campo:  5 - mmax: 0.53 (grupo  6) - mmin: 0.46 (grupo  5)
Campo:  6 - mmax: 0.54 (grupo 73) - mmin: 0.44 (grupo 37)
Campo:  7 - mmax: 0.54 (grupo 73) - mmin: 0.47 (grupo 36)
Campo:  8 - mmax: 0.54 (grupo 54) - mmin: 0.47 (grupo 23)
Campo:  9 - mmax: 0.53 (grupo  0) - mmin: 0.46 (grupo 57)
Campo: 10 - mmax: 0.53 (grupo 57) - mmin: 0.45 (grupo 37)
Campo: 11 - mmax: 0.53 (grupo 25) - mmin: 0.48 (grupo  0)
Campo: 12 - mmax: 0.53 (grupo 57) - mmin: 0.46 (grupo  9)
Campo: 13 - mmax: 0.53 (grupo 59) - mmin: 0.47 (grupo  7)
Campo: 14 - mmax: 0.53 (grupo 68) - mmin: 0.47 (grupo 54)
Campo: 15 - mmax: 0.53 (grupo 51) - mmin: 0.47 (grupo 41)
Campo: 16 - mmax: 0.54 (grupo 39) - mmin: 0.46 (grupo  3)
Campo: 17 - mmax: 0.53 (grupo 12) - mmin: 0.47 (grupo 36)
Campo: 18 - mmax: 0.52 (grupo 11) - mmin: 0.47 (grupo 51)
Campo: 19 - mmax: 0.54 (grupo  7) - mmin: 0.48 (grupo  4)
Campo: 20 - mmax: 0.54 (grupo 12) - mmin: 0.47 (grupo  4)
Campo: 21 - mmax: 0.54 (grupo 73) - mmin: 0.45 (grupo 37)
Campo: 22 - mmax: 0.54 (grupo 58) - mmin: 0.47 (grupo 53)


